
Attaching package: ‘dplyr’

The following objects are masked from ‘package:stats’:

    filter, lag

The following objects are masked from ‘package:base’:

    intersect, setdiff, setequal, union

Loading required package: lattice
Loading required package: Matrix
Loading required package: foreach
Loaded glmnet 2.0-16

randomForest 4.6-14
Type rfNews() to see new features/changes/bug fixes.

Attaching package: ‘randomForest’

The following object is masked from ‘package:ggplot2’:

    margin

The following object is masked from ‘package:dplyr’:

    combine

'data.frame':	354 obs. of  3078 variables:
 $ INTENSITY.STRENGTH    : Factor w/ 3 levels "High","Low","Medium": 3 2 3 2 3 1 2 1 1 2 ...
 $ complexity.from.pubmed: num  93.1 31 10.3 114 52.8 72.5 15.5 55.4 24.8 13.1 ...
 $ MW                    : num  122.1 60.1 44.1 146.2 89.1 ...
 $ AMW                   : num  8.14 7.51 6.29 7.31 6.86 ...
 $ Sv                    : num  10.01 4.48 3.77 11.49 7.03 ...
 $ Se                    : num  15.3 8.42 7.09 20.73 13.41 ...
 $ Sp                    : num  10.19 4.43 3.98 11.62 7.2 ...
 $ Si                    : num  16.66 9.25 8.04 22.91 15.16 ...
 $ Mv                    : num  0.667 0.56 0.538 0.575 0.541 0.664 0.632 0.614 0.525 0.49 ...
 $ Me                    : num  1.02 1.05 1.01 1.04 1.03 ...
 $ Mp                    : num  0.68 0.554 0.568 0.581 0.554 0.696 0.69 0.656 0.577 0.551 ...
 $ Mi                    : num  1.11 1.16 1.15 1.15 1.17 ...
 $ nAT                   : int  15 8 7 20 13 14 12 16 13 15 ...
 $ nSK                   : int  9 4 3 10 6 8 6 8 5 5 ...
 $ nBT                   : int  15 7 6 19 12 14 12 16 12 14 ...
 $ nBO                   : int  9 3 2 9 5 8 6 8 4 4 ...
 $ nBM                   : int  7 1 1 2 1 7 6 6 1 0 ...
 $ SCBO                  : num  13 4 3 11 6 12 9 11 5 4 ...
 $ RBN                   : int  1 0 0 5 2 1 0 1 2 2 ...
 $ RBF                   : num  0.067 0 0 0.263 0.167 0.071 0 0.063 0.167 0.143 ...
 $ nDB                   : int  1 1 1 2 1 1 0 0 1 0 ...
 $ nTB                   : int  0 0 0 0 0 0 0 0 0 0 ...
 $ nAB                   : int  6 0 0 0 0 6 6 6 0 0 ...
 $ nH                    : int  6 4 4 10 7 6 6 8 8 10 ...
 $ nC                    : int  7 2 2 6 3 7 6 7 4 4 ...
 $ nN                    : int  0 0 0 0 1 0 0 0 0 0 ...
 $ nO                    : int  2 2 1 4 2 1 0 1 1 1 ...
 $ nS                    : int  0 0 0 0 0 0 0 0 0 0 ...
 $ nI                    : int  0 0 0 0 0 0 0 0 0 0 ...
 $ nHM                   : int  0 0 0 0 0 0 0 0 0 0 ...
 $ nHet                  : int  2 2 1 4 3 1 0 1 1 1 ...
 $ nX                    : int  0 0 0 0 0 0 0 0 0 0 ...
 $ H.                    : num  40 50 57.1 50 53.8 42.9 50 50 61.5 66.7 ...
 $ C.                    : num  46.7 25 28.6 30 23.1 50 50 43.8 30.8 26.7 ...
 $ N.                    : num  0 0 0 0 7.7 0 0 0 0 0 ...
 $ O.                    : num  13.3 25 14.3 20 15.4 7.1 0 6.3 7.7 6.7 ...
 $ X.                    : int  0 0 0 0 0 0 0 0 0 0 ...
 $ nCsp3                 : int  0 1 1 4 2 0 0 1 3 4 ...
 $ nCsp2                 : int  7 1 1 2 1 7 6 6 1 0 ...
 $ nCsp                  : int  0 0 0 0 0 0 0 0 0 0 ...
 $ nCIC                  : int  1 0 0 0 0 1 1 1 0 0 ...
 $ nCIR                  : int  1 0 0 0 0 1 1 1 0 0 ...
 $ TRS                   : int  6 0 0 0 0 6 6 6 0 0 ...
 $ Rperim                : int  6 0 0 0 0 6 6 6 0 0 ...
 $ Rbrid                 : int  0 0 0 0 0 0 0 0 0 0 ...
 $ MCD                   : num  0.667 0 0 0 0 0.75 1 0.75 0 0 ...
 $ RFD                   : num  0 0 0 0 0 0 0 0 0 0 ...
 $ RCI                   : num  1 0 0 0 0 1 1 1 0 0 ...
 $ NRS                   : int  1 0 0 0 0 1 1 1 0 0 ...
 $ NNRS                  : num  1 0 0 0 0 1 1 1 0 0 ...
 $ nR03                  : int  0 0 0 0 0 0 0 0 0 0 ...
 $ nR04                  : int  0 0 0 0 0 0 0 0 0 0 ...
 $ nR05                  : int  0 0 0 0 0 0 0 0 0 0 ...
 $ nR06                  : int  1 0 0 0 0 1 1 1 0 0 ...
 $ nR07                  : int  0 0 0 0 0 0 0 0 0 0 ...
 $ nR09                  : int  0 0 0 0 0 0 0 0 0 0 ...
 $ nR10                  : int  0 0 0 0 0 0 0 0 0 0 ...
 $ nBnz                  : int  1 0 0 0 0 1 1 1 0 0 ...
 $ ARR                   : num  0.667 0 0 0 0 0.75 1 0.75 0 0 ...
 $ D.Dtr03               : num  0 0 0 0 0 0 0 0 0 0 ...
 $ D.Dtr04               : num  0 0 0 0 0 0 0 0 0 0 ...
 $ D.Dtr05               : num  0 0 0 0 0 0 0 0 0 0 ...
 $ D.Dtr06               : num  26.3 0 0 0 0 ...
 $ D.Dtr07               : num  0 0 0 0 0 0 0 0 0 0 ...
 $ D.Dtr09               : num  0 0 0 0 0 0 0 0 0 0 ...
 $ D.Dtr10               : num  0 0 0 0 0 0 0 0 0 0 ...
 $ ZM1                   : int  40 12 6 38 20 34 24 34 14 14 ...
 $ ZM1V                  : int  138 78 46 170 94 106 54 90 54 38 ...
 $ ZM1Kup                : num  157.9 97.9 57.7 209.8 115.2 ...
 $ ZM1Mad                : num  43.54 16.43 7.44 46.86 25.12 ...
 $ ZM1Per                : num  189.6 99.1 55.1 221.5 121.5 ...
 $ ZM1MulPer             : num  150.9 88.3 50.7 190.2 105.4 ...
 $ ZM2                   : int  43 9 4 36 18 36 24 36 12 12 ...
 $ ZM2V                  : int  116 48 21 116 62 90 54 78 30 20 ...
 $ ZM2Kup                : num  121.8 54.7 23.7 129.3 69.1 ...
 $ ZM2Mad                : num  45.99 10.99 4.66 41.32 21.16 ...
 $ ZM2Per                : num  173.7 68.6 28.1 170.9 90.8 ...
 $ ZM2MulPer             : num  125.1 53.2 23.3 125.4 67.2 ...
 $ ON0                   : num  5.17 3.33 2.5 6.67 4.33 ...
 $ ON0V                  : num  2.53 1.62 1.5 3.23 1.95 ...
 $ ON1                   : num  2.17 1 1 2.42 1.58 ...
 $ ON1V                  : num  0.744 0.342 0.389 1.183 0.633 ...
 $ Qindex                : int  5 1 0 2 1 4 3 4 0 0 ...
 $ BBI                   : int  11 3 1 10 5 9 6 9 3 3 ...
 $ DBI                   : num  1.41 1.73 1 3.16 2.24 ...
 $ SNar                  : num  5.663 1.099 0.693 4.97 2.485 ...
 $ HNar                  : num  1.74 1.2 1.2 1.5 1.39 ...
 $ GNar                  : num  1.88 1.32 1.26 1.64 1.51 ...
 $ Xt                    : num  0.42 0.954 1.201 0.449 0.634 ...
 $ Dz                    : num  20 10 7 24 14.5 17 12 17 11 11 ...
 $ Ram                   : int  2 1 0 2 1 1 0 1 0 0 ...
 $ BLI                   : num  0.856 0.928 1.22 1.021 1.014 ...
 $ Pol                   : int  9 0 0 7 3 7 3 7 2 2 ...
 $ LPRS                  : num  26.8 5.93 2.89 33.89 14.07 ...
 $ MSD                   : num  2.81 1.58 1.41 3.87 2.37 ...
 $ SPI                   : num  4.18 2.04 1.18 6.68 3.51 ...
 $ PJI2                  : num  1 1 1 0.75 1 0.667 0 0.667 1 1 ...
 $ ECC                   : int  40 7 5 58 20 31 18 31 16 16 ...
 $ AECC                  : num  4.44 1.75 1.67 5.8 3.33 ...
  [list output truncated]
[1] 0
[1] "svm linear"
line search fails -0.0186893 0.1710773 1.225368e-05 5.801196e-08 -5.013773e-09 -3.227055e-09 -6.162437e-14Warning messages:
1: In method$predict(modelFit = modelFit, newdata = newdata, submodels = param) :
  kernlab class prediction calculations failed; returning NAs
2: In method$prob(modelFit = modelFit, newdata = newdata, submodels = param) :
  kernlab class probability calculations failed; returning NAs
3: In data.frame(..., check.names = FALSE) :
  row names were found from a short variable and have been discarded
4: In nominalTrainWorkflow(x = x, y = y, wts = weights, info = trainInfo,  :
  There were missing values in resampled performance measures.
Support Vector Machines with Linear Kernel 

 265 samples
3077 predictors
   3 classes: 'High', 'Low', 'Medium' 

No pre-processing
Resampling: Cross-Validated (10 fold, repeated 5 times) 
Summary of sample sizes: 239, 238, 239, 238, 239, 239, ... 
Resampling results:

  Accuracy   Kappa     
  0.4930822  0.03450022

Tuning parameter 'C' was held constant at a value of 1
[1] "predicting svm linear kernel"
Confusion Matrix and Statistics

          Reference
Prediction High Low Medium
    High     29   8     41
    Low       1   0      0
    Medium    3   3      4

Overall Statistics
                                          
               Accuracy : 0.3708          
                 95% CI : (0.2707, 0.4797)
    No Information Rate : 0.5056          
    P-Value [Acc > NIR] : 0.9961          
                                          
                  Kappa : -0.0201         
 Mcnemar's Test P-Value : 5.752e-09       

Statistics by Class:

                     Class: High Class: Low Class: Medium
Sensitivity               0.8788    0.00000       0.08889
Specificity               0.1250    0.98718       0.86364
Pos Pred Value            0.3718    0.00000       0.40000
Neg Pred Value            0.6364    0.87500       0.48101
Prevalence                0.3708    0.12360       0.50562
Detection Rate            0.3258    0.00000       0.04494
Detection Prevalence      0.8764    0.01124       0.11236
Balanced Accuracy         0.5019    0.49359       0.47626
[1] "svm radial"
There were 50 or more warnings (use warnings() to see the first 50)
Support Vector Machines with Radial Basis Function Kernel 

 265 samples
3077 predictors
   3 classes: 'High', 'Low', 'Medium' 

No pre-processing
Resampling: Cross-Validated (10 fold, repeated 5 times) 
Summary of sample sizes: 238, 238, 239, 239, 238, 238, ... 
Resampling results across tuning parameters:

  C       Accuracy   Kappa     
    0.25  0.5621345  0.20018246
    0.50  0.5651259  0.20310902
    1.00  0.5674028  0.20590207
    2.00  0.5565652  0.18537939
    4.00  0.5476524  0.16927948
    8.00  0.5355658  0.15212995
   16.00  0.5182655  0.12185448
   32.00  0.5076934  0.09967781
   64.00  0.5115749  0.10380469
  128.00  0.5113402  0.09628330

Tuning parameter 'sigma' was held constant at a value of 4.352636e-07
Accuracy was used to select the optimal model using the largest value.
The final values used for the model were sigma = 4.352636e-07 and C = 1.
[1] "predicting svm radial kernel"
Confusion Matrix and Statistics

          Reference
Prediction High Low Medium
    High     23   4     22
    Low       0   0      0
    Medium   10   7     23

Overall Statistics
                                          
               Accuracy : 0.5169          
                 95% CI : (0.4084, 0.6241)
    No Information Rate : 0.5056          
    P-Value [Acc > NIR] : 0.457985        
                                          
                  Kappa : 0.1503          
 Mcnemar's Test P-Value : 0.001436        

Statistics by Class:

                     Class: High Class: Low Class: Medium
Sensitivity               0.6970     0.0000        0.5111
Specificity               0.5357     1.0000        0.6136
Pos Pred Value            0.4694        NaN        0.5750
Neg Pred Value            0.7500     0.8764        0.5510
Prevalence                0.3708     0.1236        0.5056
Detection Rate            0.2584     0.0000        0.2584
Detection Prevalence      0.5506     0.0000        0.4494
Balanced Accuracy         0.6163     0.5000        0.5624
[1] "svm poly"
line search fails 7.589961e-05 1.484653 -2.142125e-05 -6.693866e-07 1.600524e-10 3.233878e-08 -2.507567e-14line search fails 9.364712e-06 -1.330833 2.639603e-05 1.153011e-09 -4.593789e-14 -2.155712e-11 -1.237433e-18line search fails -0.001887182 0.161851 2.591506e-05 -7.205357e-09 -7.02789e-11 1.017774e-10 -1.822015e-15line search fails -9.397397e-05 1.478311 8.520838e-05 -1.46428e-08 -2.167915e-12 7.120064e-10 -1.951503e-16line search fails -4.677275e-05 0.1463995 0.0006832327 -3.987057e-08 -3.606128e-12 -1.909929e-10 -2.45621e-15line search fails -0.00366755 0.161841 3.335125e-05 -2.929858e-09 -2.748583e-10 3.441738e-10 -9.167877e-15line search fails -0.002011914 0.1294781 5.054504e-05 -5.865587e-08 -1.285321e-10 -1.738984e-10 -6.486461e-15line search fails -1.657907e-05 1.481085 0.0003536351 -2.350017e-08 -2.618321e-12 7.020337e-10 -9.424283e-16line search fails -0.0001426522 0.1542511 0.0008701308 -1.696829e-08 -1.707145e-11 -1.401862e-10 -1.485202e-14line search fails 0.0002448862 1.485351 -0.000143081 -2.653862e-08 2.796372e-11 2.685065e-09 -4.072334e-15line search fails -2.692849e-06 0.1587234 0.0001235774 -4.593629e-09 -1.66248e-13 1.390445e-11 -2.060836e-17line search fails -0.0002398451 1.465583 0.0002060845 -2.147399e-08 -6.542202e-11 6.040783e-10 -1.349544e-14line search fails 5.573419e-38 0.1449004 -5.262084e+26 4.595024e-11 3.624911e-48 -1.70638e-12 -1.985867e-21line search fails 6.462323e-06 -1.321525 -0.003972495 2.667303e-08 1.406053e-12 -1.312454e-09 -5.620545e-15*** Error in `/gpfs/share/apps/R/3.5.0/lib64/R/bin/exec/R': double free or corruption (out): 0x00000000088f8370 ***
======= Backtrace: =========
/lib64/libc.so.6(+0x81429)[0x7ff69873f429]
/gpfs/share/apps/R/3.5.0/lib64/R/library/kernlab/libs/kernlab.so(_ZN6Solver5SolveEiRK7QMatrixPKdPKaPddddPNS_12SolutionInfoEi+0x78a)[0x7ff68482e11a]
/gpfs/share/apps/R/3.5.0/lib64/R/library/kernlab/libs/kernlab.so(solve_smo+0xe1e)[0x7ff684836cbe]
/gpfs/share/apps/R/3.5.0/lib64/R/library/kernlab/libs/kernlab.so(smo_optim+0x329)[0x7ff684837569]
/gpfs/share/apps/R/3.5.0/lib64/R/lib/libR.so(+0xf4cfc)[0x7ff6991eecfc]
/gpfs/share/apps/R/3.5.0/lib64/R/lib/libR.so(+0xf5b1d)[0x7ff6991efb1d]
/gpfs/share/apps/R/3.5.0/lib64/R/lib/libR.so(+0x1330a0)[0x7ff69922d0a0]
/gpfs/share/apps/R/3.5.0/lib64/R/lib/libR.so(Rf_eval+0x348)[0x7ff69923bb68]
/gpfs/share/apps/R/3.5.0/lib64/R/lib/libR.so(+0x14313b)[0x7ff69923d13b]
/gpfs/share/apps/R/3.5.0/lib64/R/lib/libR.so(+0x137a5f)[0x7ff699231a5f]
/gpfs/share/apps/R/3.5.0/lib64/R/lib/libR.so(Rf_eval+0x348)[0x7ff69923bb68]
/gpfs/share/apps/R/3.5.0/lib64/R/lib/libR.so(+0x14313b)[0x7ff69923d13b]
/gpfs/share/apps/R/3.5.0/lib64/R/lib/libR.so(R_execMethod+0x266)[0x7ff69923e106]
/gpfs/share/apps/R/3.5.0/lib64/R/library/methods/libs/methods.so(+0x4088)[0x7ff68fff3088]
/gpfs/share/apps/R/3.5.0/lib64/R/lib/libR.so(+0x1829cc)[0x7ff69927c9cc]
/gpfs/share/apps/R/3.5.0/lib64/R/lib/libR.so(+0x13767d)[0x7ff69923167d]
/gpfs/share/apps/R/3.5.0/lib64/R/lib/libR.so(Rf_eval+0x348)[0x7ff69923bb68]
/gpfs/share/apps/R/3.5.0/lib64/R/lib/libR.so(+0x14313b)[0x7ff69923d13b]
/gpfs/share/apps/R/3.5.0/lib64/R/lib/libR.so(+0x137a5f)[0x7ff699231a5f]
/gpfs/share/apps/R/3.5.0/lib64/R/lib/libR.so(Rf_eval+0x348)[0x7ff69923bb68]
/gpfs/share/apps/R/3.5.0/lib64/R/lib/libR.so(+0x14313b)[0x7ff69923d13b]
/gpfs/share/apps/R/3.5.0/lib64/R/lib/libR.so(+0x137a5f)[0x7ff699231a5f]
/gpfs/share/apps/R/3.5.0/lib64/R/lib/libR.so(Rf_eval+0x348)[0x7ff69923bb68]
/gpfs/share/apps/R/3.5.0/lib64/R/lib/libR.so(+0x14313b)[0x7ff69923d13b]
/gpfs/share/apps/R/3.5.0/lib64/R/lib/libR.so(+0x137a5f)[0x7ff699231a5f]
/gpfs/share/apps/R/3.5.0/lib64/R/lib/libR.so(Rf_eval+0x348)[0x7ff69923bb68]
/gpfs/share/apps/R/3.5.0/lib64/R/lib/libR.so(+0x1422b6)[0x7ff69923c2b6]
/gpfs/share/apps/R/3.5.0/lib64/R/lib/libR.so(+0x13fd58)[0x7ff699239d58]
/gpfs/share/apps/R/3.5.0/lib64/R/lib/libR.so(Rf_eval+0x348)[0x7ff69923bb68]
/gpfs/share/apps/R/3.5.0/lib64/R/lib/libR.so(+0x1422b6)[0x7ff69923c2b6]
/gpfs/share/apps/R/3.5.0/lib64/R/lib/libR.so(+0x13fd58)[0x7ff699239d58]
/gpfs/share/apps/R/3.5.0/lib64/R/lib/libR.so(Rf_eval+0x348)[0x7ff69923bb68]
/gpfs/share/apps/R/3.5.0/lib64/R/lib/libR.so(+0x1422b6)[0x7ff69923c2b6]
/gpfs/share/apps/R/3.5.0/lib64/R/lib/libR.so(+0x13fd58)[0x7ff699239d58]
/gpfs/share/apps/R/3.5.0/lib64/R/lib/libR.so(Rf_eval+0x348)[0x7ff69923bb68]
/gpfs/share/apps/R/3.5.0/lib64/R/lib/libR.so(+0x1422b6)[0x7ff69923c2b6]
/gpfs/share/apps/R/3.5.0/lib64/R/lib/libR.so(+0x13fd58)[0x7ff699239d58]
/gpfs/share/apps/R/3.5.0/lib64/R/lib/libR.so(Rf_eval+0x348)[0x7ff69923bb68]
/gpfs/share/apps/R/3.5.0/lib64/R/lib/libR.so(+0x1422b6)[0x7ff69923c2b6]
/gpfs/share/apps/R/3.5.0/lib64/R/lib/libR.so(+0x13fd58)[0x7ff699239d58]
/gpfs/share/apps/R/3.5.0/lib64/R/lib/libR.so(Rf_eval+0x348)[0x7ff69923bb68]
/gpfs/share/apps/R/3.5.0/lib64/R/lib/libR.so(+0x14313b)[0x7ff69923d13b]
/gpfs/share/apps/R/3.5.0/lib64/R/lib/libR.so(+0x137a5f)[0x7ff699231a5f]
/gpfs/share/apps/R/3.5.0/lib64/R/lib/libR.so(Rf_eval+0x348)[0x7ff69923bb68]
/gpfs/share/apps/R/3.5.0/lib64/R/lib/libR.so(+0x14313b)[0x7ff69923d13b]
/gpfs/share/apps/R/3.5.0/lib64/R/lib/libR.so(+0x137a5f)[0x7ff699231a5f]
/gpfs/share/apps/R/3.5.0/lib64/R/lib/libR.so(Rf_eval+0x348)[0x7ff69923bb68]
/gpfs/share/apps/R/3.5.0/lib64/R/lib/libR.so(+0x14313b)[0x7ff69923d13b]
/gpfs/share/apps/R/3.5.0/lib64/R/lib/libR.so(+0x137a5f)[0x7ff699231a5f]
/gpfs/share/apps/R/3.5.0/lib64/R/lib/libR.so(Rf_eval+0x348)[0x7ff69923bb68]
/gpfs/share/apps/R/3.5.0/lib64/R/lib/libR.so(+0x14313b)[0x7ff69923d13b]
/gpfs/share/apps/R/3.5.0/lib64/R/lib/libR.so(+0x137a5f)[0x7ff699231a5f]
/gpfs/share/apps/R/3.5.0/lib64/R/lib/libR.so(Rf_eval+0x348)[0x7ff69923bb68]
/gpfs/share/apps/R/3.5.0/lib64/R/lib/libR.so(+0x14313b)[0x7ff69923d13b]
/gpfs/share/apps/R/3.5.0/lib64/R/lib/libR.so(+0x137a5f)[0x7ff699231a5f]
/gpfs/share/apps/R/3.5.0/lib64/R/lib/libR.so(Rf_eval+0x348)[0x7ff69923bb68]
/gpfs/share/apps/R/3.5.0/lib64/R/lib/libR.so(+0x146d97)[0x7ff699240d97]
/gpfs/share/apps/R/3.5.0/lib64/R/lib/libR.so(+0x1330a0)[0x7ff69922d0a0]
/gpfs/share/apps/R/3.5.0/lib64/R/lib/libR.so(Rf_eval+0x348)[0x7ff69923bb68]
/gpfs/share/apps/R/3.5.0/lib64/R/lib/libR.so(+0x14313b)[0x7ff69923d13b]
/gpfs/share/apps/R/3.5.0/lib64/R/lib/libR.so(+0x137a5f)[0x7ff699231a5f]
/gpfs/share/apps/R/3.5.0/lib64/R/lib/libR.so(Rf_eval+0x348)[0x7ff69923bb68]
/gpfs/share/apps/R/3.5.0/lib64/R/lib/libR.so(+0x1422b6)[0x7ff69923c2b6]
======= Memory map: ========
00400000-00401000 r-xp 00000000 00:28 485153                             /gpfs/share/apps/R/3.5.0/lib64/R/bin/exec/R
00600000-00601000 r--p 00000000 00:28 485153                             /gpfs/share/apps/R/3.5.0/lib64/R/bin/exec/R
00601000-00602000 rw-p 00001000 00:28 485153                             /gpfs/share/apps/R/3.5.0/lib64/R/bin/exec/R
00602000-25cb3000 rw-p 00000000 00:00 0                                  [heap]
7ff670000000-7ff670021000 rw-p 00000000 00:00 0 
7ff670021000-7ff674000000 ---p 00000000 00:00 0 
7ff6749f9000-7ff67923d000 rw-p 00000000 00:00 0 
7ff67da7b000-7ff67da8d000 r-xp 00000000 00:28 14993145                   /gpfs/share/apps/R/3.5.0/lib64/R/library/e1071/libs/e1071.so
7ff67da8d000-7ff67dc8d000 ---p 00012000 00:28 14993145                   /gpfs/share/apps/R/3.5.0/lib64/R/library/e1071/libs/e1071.so
7ff67dc8d000-7ff67dc8e000 r--p 00012000 00:28 14993145                   /gpfs/share/apps/R/3.5.0/lib64/R/library/e1071/libs/e1071.so
7ff67dc8e000-7ff67dc8f000 rw-p 00013000 00:28 14993145                   /gpfs/share/apps/R/3.5.0/lib64/R/library/e1071/libs/e1071.so
7ff680b17000-7ff680b23000 r-xp 00000000 00:28 485156                     /gpfs/share/apps/R/3.5.0/lib64/R/modules/lapack.so
7ff680b23000-7ff680d22000 ---p 0000c000 00:28 485156                     /gpfs/share/apps/R/3.5.0/lib64/R/modules/lapack.so
7ff680d22000-7ff680d23000 r--p 0000b000 00:28 485156                     /gpfs/share/apps/R/3.5.0/lib64/R/modules/lapack.so
7ff680d23000-7ff680d24000 rw-p 0000c000 00:28 485156                     /gpfs/share/apps/R/3.5.0/lib64/R/modules/lapack.so
7ff680d24000-7ff683146000 rw-p 00000000 00:00 0 
7ff683146000-7ff683151000 r-xp 00000000 00:28 17045864                   /gpfs/share/apps/R/3.5.0/lib64/R/library/randomForest/libs/randomForest.so
7ff683151000-7ff683350000 ---p 0000b000 00:28 17045864                   /gpfs/share/apps/R/3.5.0/lib64/R/library/randomForest/libs/randomForest.so
7ff683350000-7ff683351000 r--p 0000a000 00:28 17045864                   /gpfs/share/apps/R/3.5.0/lib64/R/library/randomForest/libs/randomForest.so
7ff683351000-7ff683352000 rw-p 0000b000 00:28 17045864                   /gpfs/share/apps/R/3.5.0/lib64/R/library/randomForest/libs/randomForest.so
7ff683352000-7ff683395000 r-xp 00000000 00:28 15000895                   /gpfs/share/apps/R/3.5.0/lib64/R/library/glmnet/libs/glmnet.so
7ff683395000-7ff683594000 ---p 00043000 00:28 15000895                   /gpfs/share/apps/R/3.5.0/lib64/R/library/glmnet/libs/glmnet.so
7ff683594000-7ff683595000 r--p 00042000 00:28 15000895                   /gpfs/share/apps/R/3.5.0/lib64/R/library/glmnet/libs/glmnet.so
7ff683595000-7ff683596000 rw-p 00043000 00:28 15000895                   /gpfs/share/apps/R/3.5.0/lib64/R/library/glmnet/libs/glmnet.so
7ff683596000-7ff683598000 r-xp 00000000 00:28 394674                     /gpfs/share/apps/R/3.5.0/lib64/R/library/caret/libs/caret.so
7ff683598000-7ff683797000 ---p 00002000 00:28 394674                     /gpfs/share/apps/R/3.5.0/lib64/R/library/caret/libs/caret.so
7ff683797000-7ff683798000 r--p 00001000 00:28 394674                     /gpfs/share/apps/R/3.5.0/lib64/R/library/caret/libs/caret.so
7ff683798000-7ff683799000 rw-p 00002000 00:28 394674                     /gpfs/share/apps/R/3.5.0/lib64/R/library/caret/libs/caret.so
7ff683799000-7ff6837c9000 r-xp 00000000 00:28 15175671                   /gpfs/share/apps/R/3.5.0/lib64/R/library/lubridate/libs/lubridate.so
7ff6837c9000-7ff6839c8000 ---p 00030000 00:28 15175671                   /gpfs/share/apps/R/3.5.0/lib64/R/library/lubridate/libs/lubridate.so
7ff6839c8000-7ff6839c9000 r--p 0002f000 00:28 15175671                   /gpfs/share/apps/R/3.5.0/lib64/R/library/lubridate/libs/lubridate.so
7ff6839c9000-7ff6839ca000 rw-p 00030000 00:28 15175671                   /gpfs/share/apps/R/3.5.0/lib64/R/library/lubridate/libs/lubridate.so
7ff6839ca000-7ff6839cc000 r-xp 00000000 00:28 25650919                   /gpfs/share/apps/R/3.5.0/lib64/R/library/ipred/libs/ipred.so
7ff6839cc000-7ff683bcb000 ---p 00002000 00:28 25650919                   /gpfs/share/apps/R/3.5.0/lib64/R/library/ipred/libs/ipred.so
7ff683bcb000-7ff683bcc000 r--p 00001000 00:28 25650919                   /gpfs/share/apps/R/3.5.0/lib64/R/library/ipred/libs/ipred.so
7ff683bcc000-7ff683bcd000 rw-p 00002000 00:28 25650919                   /gpfs/share/apps/R/3.5.0/lib64/R/library/ipred/libs/ipred.so
7ff683bcd000-7ff683bd4000 r-xp 00000000 00:28 354036                     /gpfs/share/apps/R/3.5.0/lib64/R/library/prodlim/libs/prodlim.so
7ff683bd4000-7ff683dd3000 ---p 00007000 00:28 354036                     /gpfs/share/apps/R/3.5.0/lib64/R/library/prodlim/libs/prodlim.so
7ff683dd3000-7ff683dd4000 r--p 00006000 00:28 354036                     /gpfs/share/apps/R/3.5.0/lib64/R/library/prodlim/libs/prodlim.so
7ff683dd4000-7ff683dd5000 rw-p 00007000 00:28 354036                     /gpfs/share/apps/R/3.5.0/lib64/R/library/prodlim/libs/prodlim.so
7ff683dd5000-7ff683dd9000 r-xp 00000000 00:28 2157401                    /gpfs/share/apps/R/3.5.0/lib64/R/library/nnet/libs/nnet.so
7ff683dd9000-7ff683fd8000 ---p 00004000 00:28 2157401                    /gpfs/share/apps/R/3.5.0/lib64/R/library/nnet/libs/nnet.so
7ff683fd8000-7ff683fd9000 r--p 00003000 00:28 2157401                    /gpfs/share/apps/R/3.5.0/lib64/R/library/nnet/libs/nnet.so
7ff683fd9000-7ff683fda000 rw-p 00004000 00:28 2157401                    /gpfs/share/apps/R/3.5.0/lib64/R/library/nnet/libs/nnet.so
7ff683fda000-7ff683ffd000 r-xp 00000000 00:28 14894352                   /gpfs/share/apps/R/3.5.0/lib64/R/library/survival/libs/survival.so
7ff683ffd000-7ff6841fc000 ---p 00023000 00:28 14894352                   /gpfs/share/apps/R/3.5.0/lib64/R/library/survival/libs/survival.so
7ff6841fc000-7ff6841fd000 r--p 00022000 00:28 14894352                   /gpfs/share/apps/R/3.5.0/lib64/R/library/survival/libs/survival.so
7ff6841fd000-7ff6841fe000 rw-p 00023000 00:28 14894352                   /gpfs/share/apps/R/3.5.0/lib64/R/library/survival/libs/survival.so
7ff6841fe000-7ff684200000 r-xp 00000000 00:28 485490                     /gpfs/share/apps/R/3.5.0/lib64/R/library/splines/libs/splines.so
7ff684200000-7ff6843ff000 ---p 00002000 00:28 485490                     /gpfs/share/apps/R/3.5.0/lib64/R/library/splines/libs/splines.so
7ff6843ff000-7ff684400000 r--p 00001000 00:28 485490                     /gpfs/share/apps/R/3.5.0/lib64/R/library/splines/libs/splines.so
7ff684400000-7ff684401000 rw-p 00002000 00:28 485490                     /gpfs/share/apps/R/3.5.0/lib64/R/library/splines/libs/splines.so
7ff684401000-7ff68440d000 r-xp 00000000 00:28 114096                     /gpfs/share/apps/R/3.5.0/lib64/R/library/rpart/libs/rpart.so
7ff68440d000-7ff68460c000 ---p 0000c000 00:28 114096                     /gpfs/share/apps/R/3.5.0/lib64/R/library/rpart/libs/rpart.so
7ff68460c000-7ff68460d000 r--p 0000b000 00:28 114096                     /gpfs/share/apps/R/3.5.0/lib64/R/library/rpart/libs/rpart.so
7ff68460d000-7ff68460e000 rw-p 0000c000 00:28 114096                     /gpfs/share/apps/R/3.5.0/lib64/R/library/rpart/libs/rpart.so
7ff68460e000-7ff684612000 r-xp 00000000 00:28 395516                     /gpfs/share/apps/R/3.5.0/lib64/R/library/gower/libs/gower.so
7ff684612000-7ff684811000 ---p 00004000 00:28 395516                     /gpfs/share/apps/R/3.5.0/lib64/R/library/gower/libs/gower.so
7ff684811000-7ff684812000 r--p 00003000 00:28 395516                     /gpfs/share/apps/R/3.5.0/lib64/R/library/gower/libs/gower.so
7ff684812000-7ff684813000 rw-p 00004000 00:28 395516                     /gpfs/share/apps/R/3.5.0/lib64/R/library/gower/libs/gower.so
7ff684813000-7ff68483d000 r-xp 00000000 00:28 25268813                   /gpfs/share/apps/R/3.5.0/lib64/R/library/kernlab/libs/kernlab.so
7ff68483d000-7ff684a3d000 ---p 0002a000 00:28 25268813                   /gpfs/share/apps/R/3.5.0/lib64/R/library/kernlab/libs/kernlab.so
7ff684a3d000-7ff684a3e000 r--p 0002a000 00:28 25268813                   /gpfs/share/apps/R/3.5.0/lib64/R/library/kernlab/libs/kernlab.so
7ff684a3e000-7ff684a3f000 rw-p 0002b000 00:28 25268813                   /gpfs/share/apps/R/3.5.0/lib64/R/library/kernlab/libs/kernlab.so
7ff684a3f000-7ff684a8a000 r-xp 00000000 00:28 16874293                   /gpfs/share/apps/R/3.5.0/lib64/R/library/ddalpha/libs/ddalpha.so
7ff684a8a000-7ff684c89000 ---p 0004b000 00:28 16874293                   /gpfs/share/apps/R/3.5.0/lib64/R/library/ddalpha/libs/ddalpha.so
7ff684c89000-7ff684c8b000 r--p 0004a000 00:28 16874293                   /gpfs/share/apps/R/3.5.0/lib64/R/library/ddalpha/libs/ddalpha.so
7ff684c8b000-7ff684c8c000 rw-p 0004c000 00:28 16874293                   /gpfs/share/apps/R/3.5.0/lib64/R/library/ddalpha/libs/ddalpha.so
7ff684c8c000-7ff684c8f000 rw-p 00000000 00:00 0 
7ff684c8f000-7ff684ce8000 r-xp 00000000 00:28 17219113                   /gpfs/share/apps/R/3.5.0/lib64/R/library/geometry/libs/geometry.so
7ff684ce8000-7ff684ee7000 ---p 00059000 00:28 17219113                   /gpfs/share/apps/R/3.5.0/lib64/R/library/geometry/libs/geometry.so
7ff684ee7000-7ff684ee8000 r--p 00058000 00:28 17219113                   /gpfs/share/apps/R/3.5.0/lib64/R/library/geometry/libs/geometry.so
7ff684ee8000-7ff684ee9000 rw-p 00059000 00:28 17219113                   /gpfs/share/apps/R/3.5.0/lib64/R/library/geometry/libs/geometry.so
7ff684ee9000-7ff684eeb000 rw-p 00000000 00:00 0 
7ff684eeb000-7ff684f10000 r-xp 00000000 00:28 35765411                   /gpfs/share/apps/R/3.5.0/lib64/R/library/robustbase/libs/robustbase.so
7ff684f10000-7ff68510f000 ---p 00025000 00:28 35765411                   /gpfs/share/apps/R/3.5.0/lib64/R/library/robustbase/libs/robustbase.so
7ff68510f000-7ff685110000 r--p 00024000 00:28 35765411                   /gpfs/share/apps/R/3.5.0/lib64/R/library/robustbase/libs/robustbase.so
7ff685110000-7ff685111000 rw-p 00025000 00:28 35765411                   /gpfs/share/apps/R/3.5.0/lib64/R/library/robustbase/libs/robustbase.so
7ff685111000-7ff685114000 r-xp 00000000 00:28 14894937                   /gpfs/share/apps/R/3.5.0/lib64/R/library/class/libs/class.so
7ff685114000-7ff685313000 ---p 00003000 00:28 14894937                   /gpfs/share/apps/R/3.5.0/lib64/R/library/class/libs/class.so
7ff685313000-7ff685314000 r--p 00002000 00:28 14894937                   /gpfs/share/apps/R/3.5.0/lib64/R/library/class/libs/class.so
7ff685314000-7ff685315000 rw-p 00003000 00:28 14894937                   /gpfs/share/apps/R/3.5.0/lib64/R/library/class/libs/class.so
7ff685315000-7ff68531a000 r-xp 00000000 00:28 33721909                   /gpfs/share/apps/R/3.5.0/lib64/R/library/MASS/libs/MASS.so
7ff68531a000-7ff685519000 ---p 00005000 00:28 33721909                   /gpfs/share/apps/R/3.5.0/lib64/R/library/MASS/libs/MASS.so
7ff685519000-7ff68551a000 r--p 00004000 00:28 33721909                   /gpfs/share/apps/R/3.5.0/lib64/R/library/MASS/libs/MASS.so
7ff68551a000-7ff68551b000 rw-p 00005000 00:28 33721909                   /gpfs/share/apps/R/3.5.0/lib64/R/library/MASS/libs/MASS.so
7ff68551b000-7ff68551c000 r-xp 00000000 00:28 2187472                    /gpfs/share/apps/R/3.5.0/lib64/R/library/backports/libs/backports.so
7ff68551c000-7ff68571c000 ---p 00001000 00:28 2187472                    /gpfs/share/apps/R/3.5.0/lib64/R/library/backports/libs/backports.so
7ff68571c000-7ff68571d000 r--p 00001000 00:28 2187472                    /gpfs/share/apps/R/3.5.0/lib64/R/library/backports/libs/backports.so
7ff68571d000-7ff68571e000 rw-p 00002000 00:28 2187472                    /gpfs/share/apps/R/3.5.0/lib64/R/library/backports/libs/backports.so
7ff68571e000-7ff68573b000 r-xp 00000000 00:28 25651414                   /gpfs/share/apps/R/3.5.0/lib64/R/library/tidyr/libs/tidyr.so
7ff68573b000-7ff68593b000 ---p 0001d000 00:28 25651414                   /gpfs/share/apps/R/3.5.0/lib64/R/library/tidyr/libs/tidyr.so
7ff68593b000-7ff68593c000 r--p 0001d000 00:28 25651414                   /gpfs/share/apps/R/3.5.0/lib64/R/library/tidyr/libs/tidyr.so
7ff68593c000-7ff68593d000 rw-p 0001e000 00:28 25651414                   /gpfs/share/apps/R/3.5.0/lib64/R/library/tidyr/libs/tidyr.so
7ff68593d000-7ff68593e000 rw-p 00000000 00:00 0 
7ff68593e000-7ff68596e000 r-xp 00000000 00:28 15134150                   /gpfs/share/apps/R/3.5.0/lib64/R/library/RcppRoll/libs/RcppRoll.so
7ff68596e000-7ff685b6d000 ---p 00030000 00:28 15134150                   /gpfs/share/apps/R/3.5.0/lib64/R/library/RcppRoll/libs/RcppRoll.so
7ff685b6d000-7ff685b6e000 r--p 0002f000 00:28 15134150                   /gpfs/share/apps/R/3.5.0/lib64/R/library/RcppRoll/libs/RcppRoll.so
7ff685b6e000-7ff685b6f000 rw-p 00030000 00:28 15134150                   /gpfs/share/apps/R/3.5.0/lib64/R/library/RcppRoll/libs/RcppRoll.so
7ff685b6f000-7ff685c30000 r-xp 00000000 00:28 25178758                   /gpfs/share/apps/R/3.5.0/lib64/R/library/Matrix/libs/Matrix.so
7ff685c30000-7ff685e2f000 ---p 000c1000 00:28 25178758                   /gpfs/share/apps/R/3.5.0/lib64/R/library/Matrix/libs/Matrix.so
7ff685e2f000-7ff685e30000 r--p 000c0000 00:28 25178758                   /gpfs/share/apps/R/3.5.0/lib64/R/library/Matrix/libs/Matrix.so
7ff685e30000-7ff685e33000 rw-p 000c1000 00:28 25178758                   /gpfs/share/apps/R/3.5.0/lib64/R/library/Matrix/libs/Matrix.so
7ff685e33000-7ff6860d8000 rw-p 00000000 00:00 0 
7ff6860d8000-7ff6860fa000 r-xp 00000000 00:28 25178858                   /gpfs/share/apps/R/3.5.0/lib64/R/library/ModelMetrics/libs/ModelMetrics.so
7ff6860fa000-7ff6862fa000 ---p 00022000 00:28 25178858                   /gpfs/share/apps/R/3.5.0/lib64/R/library/ModelMetrics/libs/ModelMetrics.so
7ff6862fa000-7ff6862fb000 r--p 00022000 00:28 25178858                   /gpfs/share/apps/R/3.5.0/lib64/R/library/ModelMetrics/libs/ModelMetrics.so
7ff6862fb000-7ff6862fc000 rw-p 00023000 00:28 25178858                   /gpfs/share/apps/R/3.5.0/lib64/R/library/ModelMetrics/libs/ModelMetrics.so
7ff6862fc000-7ff6862fd000 rw-p 00000000 00:00 0 
7ff6862fd000-7ff686356000 r-xp 00000000 00:28 33721209                   /gpfs/share/apps/R/3.5.0/lib64/R/library/data.table/libs/datatable.so
7ff686356000-7ff686556000 ---p 00059000 00:28 33721209                   /gpfs/share/apps/R/3.5.0/lib64/R/library/data.table/libs/datatable.so
7ff686556000-7ff686557000 r--p 00059000 00:28 33721209                   /gpfs/share/apps/R/3.5.0/lib64/R/library/data.table/libs/datatable.so
7ff686557000-7ff686558000 rw-p 0005a000 00:28 33721209                   /gpfs/share/apps/R/3.5.0/lib64/R/library/data.table/libs/datatable.so
7ff686558000-7ff6865bd000 rw-p 00000000 00:00 0 
7ff6865bd000-7ff6865d5000 r-xp 00000000 00:28 14893685                   /gpfs/share/apps/R/3.5.0/lib64/R/library/reshape2/libs/reshape2.so
7ff6865d5000-7ff6867d5000 ---p 00018000 00:28 14893685                   /gpfs/share/apps/R/3.5.0/lib64/R/library/reshape2/libs/reshape2.so
7ff6867d5000-7ff6867d6000 r--p 00018000 00:28 14893685                   /gpfs/share/apps/R/3.5.0/lib64/R/library/reshape2/libs/reshape2.so
7ff6867d6000-7ff6867d7000 rw-p 00019000 00:28 14893685                   /gpfs/share/apps/R/3.5.0/lib64/R/library/reshape2/libs/reshape2.so
7ff6867d7000-7ff68817c000 r--s 00000000 00:28 14893850                   /gpfs/share/apps/R/3.5.0/lib64/R/library/stringi/libs/icudt61l.dat
7ff68817c000-7ff688659000 r-xp 00000000 00:28 14893849                   /gpfs/share/apps/R/3.5.0/lib64/R/library/stringi/libs/stringi.so
7ff688659000-7ff688859000 ---p 004dd000 00:28 14893849                   /gpfs/share/apps/R/3.5.0/lib64/R/library/stringi/libs/stringi.so
7ff688859000-7ff68887d000 r--p 004dd000 00:28 14893849                   /gpfs/share/apps/R/3.5.0/lib64/R/library/stringi/libs/stringi.so
7ff68887d000-7ff688888000 rw-p 00501000 00:28 14893849                   /gpfs/share/apps/R/3.5.0/lib64/R/library/stringi/libs/stringi.so
7ff688888000-7ff68888a000 rw-p 00000000 00:00 0 
7ff68888a000-7ff68889e000 r-xp 00000000 00:28 485527                     /gpfs/share/apps/R/3.5.0/lib64/R/library/tools/libs/tools.so
7ff68889e000-7ff688a9e000 ---p 00014000 00:28 485527                     /gpfs/share/apps/R/3.5.0/lib64/R/library/tools/libs/tools.so
7ff688a9e000-7ff688a9f000 r--p 00014000 00:28 485527                     /gpfs/share/apps/R/3.5.0/lib64/R/library/tools/libs/tools.so
7ff688a9f000-7ff688aa0000 rw-p 00015000 00:28 485527                     /gpfs/share/apps/R/3.5.0/lib64/R/library/tools/libs/tools.so
7ff688aa0000-7ff688ab2000 r-xp 00000000 00:28 16938663                   /gpfs/share/apps/R/3.5.0/lib64/R/library/nlme/libs/nlme.so
7ff688ab2000-7ff688cb1000 ---p 00012000 00:28 16938663                   /gpfs/share/apps/R/3.5.0/lib64/R/library/nlme/libs/nlme.so
7ff688cb1000-7ff688cb2000 r--p 00011000 00:28 16938663                   /gpfs/share/apps/R/3.5.0/lib64/R/library/nlme/libs/nlme.so
7ff688cb2000-7ff688cb3000 rw-p 00012000 00:28 16938663                   /gpfs/share/apps/R/3.5.0/lib64/R/library/nlme/libs/nlme.so
7ff688cb3000-7ff688cb6000 r-xp 00000000 00:28 33721780                   /gpfs/share/apps/R/3.5.0/lib64/R/library/lattice/libs/lattice.so
7ff688cb6000-7ff688eb5000 ---p 00003000 00:28 33721780                   /gpfs/share/apps/R/3.5.0/lib64/R/library/lattice/libs/lattice.so
7ff688eb5000-7ff688eb6000 r--p 00002000 00:28 33721780                   /gpfs/share/apps/R/3.5.0/lib64/R/library/lattice/libs/lattice.so
7ff688eb6000-7ff688eb7000 rw-p 00003000 00:28 33721780                   /gpfs/share/apps/R/3.5.0/lib64/R/library/lattice/libs/lattice.so
7ff688eb7000-7ff688ec5000 r-xp 00000000 00:28 16938876                   /gpfs/share/apps/R/3.5.0/lib64/R/library/plyr/libs/plyr.so
7ff688ec5000-7ff6890c5000 ---p 0000e000 00:28 16938876                   /gpfs/share/apps/R/3.5.0/lib64/R/library/plyr/libs/plyr.so
7ff6890c5000-7ff6890c6000 r--p 0000e000 00:28 16938876                   /gpfs/share/apps/R/3.5.0/lib64/R/library/plyr/libs/plyr.so
7ff6890c6000-7ff6890c7000 rw-p 0000f000 00:28 16938876                   /gpfs/share/apps/R/3.5.0/lib64/R/library/plyr/libs/plyr.so
7ff6890c7000-7ff6890cb000 r-xp 00000000 00:28 113681                     /gpfs/share/apps/R/3.5.0/lib64/R/library/lazyeval/libs/lazyeval.so
7ff6890cb000-7ff6892ca000 ---p 00004000 00:28 113681                     /gpfs/share/apps/R/3.5.0/lib64/R/library/lazyeval/libs/lazyeval.so
7ff6892ca000-7ff6892cb000 r--p 00003000 00:28 113681                     /gpfs/share/apps/R/3.5.0/lib64/R/library/lazyeval/libs/lazyeval.so
7ff6892cb000-7ff6892cc000 rw-p 00004000 00:28 113681                     /gpfs/share/apps/R/3.5.0/lib64/R/library/lazyeval/libs/lazyeval.so
7ff6892cc000-7ff6892de000 r-xp 00000000 00:28 17036595                   /gpfs/share/apps/R/3.5.0/lib64/R/library/scales/libs/scales.so
7ff6892de000-7ff6894dd000 ---p 00012000 00:28 17036595                   /gpfs/share/apps/R/3.5.0/lib64/R/library/scales/libs/scales.so
7ff6894dd000-7ff6894de000 r--p 00011000 00:28 17036595                   /gpfs/share/apps/R/3.5.0/lib64/R/library/scales/libs/scales.so
7ff6894de000-7ff6894df000 rw-p 00012000 00:28 17036595                   /gpfs/share/apps/R/3.5.0/lib64/R/library/scales/libs/scales.so
7ff6894df000-7ff6894e9000 r-xp 00000000 00:28 16859305                   /gpfs/share/apps/R/3.5.0/lib64/R/library/colorspace/libs/colorspace.so
7ff6894e9000-7ff6896e8000 ---p 0000a000 00:28 16859305                   /gpfs/share/apps/R/3.5.0/lib64/R/library/colorspace/libs/colorspace.so
7ff6896e8000-7ff6896e9000 r--p 00009000 00:28 16859305                   /gpfs/share/apps/R/3.5.0/lib64/R/library/colorspace/libs/colorspace.so
7ff6896e9000-7ff6896ea000 rw-p 0000a000 00:28 16859305                   /gpfs/share/apps/R/3.5.0/lib64/R/library/colorspace/libs/colorspace.so
7ff6896ea000-7ff689707000 r-xp 00000000 00:28 35788                      /gpfs/share/apps/R/3.5.0/lib64/R/library/grid/libs/grid.so
7ff689707000-7ff689906000 ---p 0001d000 00:28 35788                      /gpfs/share/apps/R/3.5.0/lib64/R/library/grid/libs/grid.so
7ff689906000-7ff689907000 r--p 0001c000 00:28 35788                      /gpfs/share/apps/R/3.5.0/lib64/R/library/grid/libs/grid.so
7ff689907000-7ff689908000 rw-p 0001d000 00:28 35788                      /gpfs/share/apps/R/3.5.0/lib64/R/library/grid/libs/grid.so
7ff689908000-7ff68d908000 rw-p 00000000 00:00 0 
7ff68d908000-7ff68daeb000 r-xp 00000000 00:28 25180284                   /gpfs/share/apps/R/3.5.0/lib64/R/library/dplyr/libs/dplyr.so
7ff68daeb000-7ff68dceb000 ---p 001e3000 00:28 25180284                   /gpfs/share/apps/R/3.5.0/lib64/R/library/dplyr/libs/dplyr.so
7ff68dceb000-7ff68dcf7000 r--p 001e3000 00:28 25180284                   /gpfs/share/apps/R/3.5.0/lib64/R/library/dplyr/libs/dplyr.so
7ff68dcf7000-7ff68dcfa000 rw-p 001ef000 00:28 25180284                   /gpfs/share/apps/R/3.5.0/lib64/R/library/dplyr/libs/dplyr.so
7ff68dcfa000-7ff68dd00000 rw-p 00000000 00:00 0 
7ff68dd00000-7ff68dd15000 r-xp 00000000 00:28 25180087                   /gpfs/share/apps/R/3.5.0/lib64/R/library/tidyselect/libs/tidyselect.so
7ff68dd15000-7ff68df15000 ---p 00015000 00:28 25180087                   /gpfs/share/apps/R/3.5.0/lib64/R/library/tidyselect/libs/tidyselect.so
7ff68df15000-7ff68df16000 r--p 00015000 00:28 25180087                   /gpfs/share/apps/R/3.5.0/lib64/R/library/tidyselect/libs/tidyselect.so
7ff68df16000-7ff68df17000 rw-p 00016000 00:28 25180087                   /gpfs/share/apps/R/3.5.0/lib64/R/library/tidyselect/libs/tidyselect.so
7ff68df17000-7ff68df1c000 r-xp 00000000 00:28 17046564                   /gpfs/share/apps/R/3.5.0/lib64/R/library/purrr/libs/purrr.so
7ff68df1c000-7ff68e11c000 ---p 00005000 00:28 17046564                   /gpfs/share/apps/R/3.5.0/lib64/R/library/purrr/libs/purrr.so
7ff68e11c000-7ff68e11d000 r--p 00005000 00:28 17046564                   /gpfs/share/apps/R/3.5.0/lib64/R/library/purrr/libs/purrr.so
7ff68e11d000-7ff68e11e000 rw-p 00006000 00:28 17046564                   /gpfs/share/apps/R/3.5.0/lib64/R/library/purrr/libs/purrr.so
7ff68e11e000-7ff68e121000 r-xp 00000000 00:28 17045224                   /gpfs/share/apps/R/3.5.0/lib64/R/library/tibble/libs/tibble.so
7ff68e121000-7ff68e320000 ---p 00003000 00:28 17045224                   /gpfs/share/apps/R/3.5.0/lib64/R/library/tibble/libs/tibble.so
7ff68e320000-7ff68e321000 r--p 00002000 00:28 17045224                   /gpfs/share/apps/R/3.5.0/lib64/R/library/tibble/libs/tibble.so
7ff68e321000-7ff68e322000 rw-p 00003000 00:28 17045224                   /gpfs/share/apps/R/3.5.0/lib64/R/library/tibble/libs/tibble.so
7ff68e322000-7ff68e324000 r-xp 00000000 00:28 16860163                   /gpfs/share/apps/R/3.5.0/lib64/R/library/glue/libs/glue.so
7ff68e324000-7ff68e523000 ---p 00002000 00:28 16860163                   /gpfs/share/apps/R/3.5.0/lib64/R/library/glue/libs/glue.so
7ff68e523000-7ff68e524000 r--p 00001000 00:28 16860163                   /gpfs/share/apps/R/3.5.0/lib64/R/library/glue/libs/glue.so
7ff68e524000-7ff68e525000 rw-p 00002000 00:28 16860163                   /gpfs/share/apps/R/3.5.0/lib64/R/library/glue/libs/glue.so
7ff68e525000-7ff68e549000 r-xp 00000000 00:28 2157603                    /gpfs/share/apps/R/3.5.0/lib64/R/library/bindrcpp/libs/bindrcpp.so
7ff68e549000-7ff68e749000 ---p 00024000 00:28 2157603                    /gpfs/share/apps/R/3.5.0/lib64/R/library/bindrcpp/libs/bindrcpp.so
7ff68e749000-7ff68e74a000 r--p 00024000 00:28 2157603                    /gpfs/share/apps/R/3.5.0/lib64/R/library/bindrcpp/libs/bindrcpp.so
7ff68e74a000-7ff68e74b000 rw-p 00025000 00:28 2157603                    /gpfs/share/apps/R/3.5.0/lib64/R/library/bindrcpp/libs/bindrcpp.so
7ff68e74b000-7ff68e834000 r-xp 00000000 fd:01 57422596                   /usr/lib64/libstdc++.so.6.0.19
7ff68e834000-7ff68ea33000 ---p 000e9000 fd:01 57422596                   /usr/lib64/libstdc++.so.6.0.19
7ff68ea33000-7ff68ea3b000 r--p 000e8000 fd:01 57422596                   /usr/lib64/libstdc++.so.6.0.19
7ff68ea3b000-7ff68ea3d000 rw-p 000f0000 fd:01 57422596                   /usr/lib64/libstdc++.so.6.0.19
7ff68ea3d000-7ff68ea52000 rw-p 00000000 00:00 0 
7ff68ea52000-7ff68eaad000 r-xp 00000000 00:28 33722128                   /gpfs/share/apps/R/3.5.0/lib64/R/library/Rcpp/libs/Rcpp.so
7ff68eaad000-7ff68ecac000 ---p 0005b000 00:28 33722128                   /gpfs/share/apps/R/3.5.0/lib64/R/library/Rcpp/libs/Rcpp.so
7ff68ecac000-7ff68ecae000 r--p 0005a000 00:28 33722128                   /gpfs/share/apps/R/3.5.0/lib64/R/library/Rcpp/libs/Rcpp.so
7ff68ecae000-7ff68ecb0000 rw-p 0005c000 00:28 33722128                   /gpfs/share/apps/R/3.5.0/lib64/R/library/Rcpp/libs/Rcpp.so
7ff68ecb0000-7ff68ecb7000 rw-p 00000000 00:00 0 
7ff68ecb7000-7ff68ecd4000 r-xp 00000000 00:28 35765375                   /gpfs/share/apps/R/3.5.0/lib64/R/library/rlang/libs/rlang.so
7ff68ecd4000-7ff68eed4000 ---p 0001d000 00:28 35765375                   /gpfs/share/apps/R/3.5.0/lib64/R/library/rlang/libs/rlang.so
7ff68eed4000-7ff68eed5000 r--p 0001d000 00:28 35765375                   /gpfs/share/apps/R/3.5.0/lib64/R/library/rlang/libs/rlang.so
7ff68eed5000-7ff68eed6000 rw-p 0001e000 00:28 35765375                   /gpfs/share/apps/R/3.5.0/lib64/R/library/rlang/libs/rlang.so
7ff68eed6000-7ff68f0c3000 r-xp 00000000 00:28 485157                     /gpfs/share/apps/R/3.5.0/lib64/R/lib/libRlapack.so
7ff68f0c3000-7ff68f2c2000 ---p 001ed000 00:28 485157                     /gpfs/share/apps/R/3.5.0/lib64/R/lib/libRlapack.so
7ff68f2c2000-7ff68f2c3000 r--p 001ec000 00:28 485157                     /gpfs/share/apps/R/3.5.0/lib64/R/lib/libRlapack.so
7ff68f2c3000-7ff68f2c4000 rw-p 001ed000 00:28 485157                     /gpfs/share/apps/R/3.5.0/lib64/R/lib/libRlapack.so
7ff68f2c4000-7ff68f366000 r-xp 00000000 00:28 485274                     /gpfs/share/apps/R/3.5.0/lib64/R/library/stats/libs/stats.so
7ff68f366000-7ff68f566000 ---p 000a2000 00:28 485274                     /gpfs/share/apps/R/3.5.0/lib64/R/library/stats/libs/stats.so
7ff68f566000-7ff68f568000 r--p 000a2000 00:28 485274                     /gpfs/share/apps/R/3.5.0/lib64/R/library/stats/libs/stats.so
7ff68f568000-7ff68f56a000 rw-p 000a4000 00:28 485274                     /gpfs/share/apps/R/3.5.0/lib64/R/library/stats/libs/stats.so
7ff68f56a000-7ff68f5b0000 r-xp 00000000 00:28 485575                     /gpfs/share/apps/R/3.5.0/lib64/R/library/graphics/libs/graphics.so
7ff68f5b0000-7ff68f7af000 ---p 00046000 00:28 485575                     /gpfs/share/apps/R/3.5.0/lib64/R/library/graphics/libs/graphics.so
7ff68f7af000-7ff68f7b0000 r--p 00045000 00:28 485575                     /gpfs/share/apps/R/3.5.0/lib64/R/library/graphics/libs/graphics.so
7ff68f7b0000-7ff68f7b1000 rw-p 00046000 00:28 485575                     /gpfs/share/apps/R/3.5.0/lib64/R/library/graphics/libs/graphics.so
7ff68f7b1000-7ff68f7bc000 r-xp 00000000 00:28 35056                      /gpfs/share/apps/R/3.5.0/lib64/R/library/utils/libs/utils.so
7ff68f7bc000-7ff68f9bc000 ---p 0000b000 00:28 35056                      /gpfs/share/apps/R/3.5.0/lib64/R/library/utils/libs/utils.so
7ff68f9bc000-7ff68f9bd000 r--p 0000b000 00:28 35056                      /gpfs/share/apps/R/3.5.0/lib64/R/library/utils/libs/utils.so
7ff68f9bd000-7ff68f9be000 rw-p 0000c000 00:28 35056                      /gpfs/share/apps/R/3.5.0/lib64/R/library/utils/libs/utils.so
7ff68f9be000-7ff68f9bf000 rw-p 00000000 00:00 0 
7ff68fb15000-7ff68fb4a000 r-xp 00000000 00:28 263532                     /gpfs/share/apps/R/3.5.0/lib64/R/library/grDevices/libs/grDevices.so
7ff68fb4a000-7ff68fd49000 ---p 00035000 00:28 263532                     /gpfs/share/apps/R/3.5.0/lib64/R/library/grDevices/libs/grDevices.so
7ff68fd49000-7ff68fd4e000 r--p 00034000 00:28 263532                     /gpfs/share/apps/R/3.5.0/lib64/R/library/grDevices/libs/grDevices.so
7ff68fd4e000-7ff68fd50000 rw-p 00039000 00:28 263532                     /gpfs/share/apps/R/3.5.0/lib64/R/library/grDevices/libs/grDevices.so
7ff68fd50000-7ff68fe2e000 rw-p 00000000 00:00 0 
7ff68feb6000-7ff68ffef000 rw-p 00000000 00:00 0 
7ff68ffef000-7ff68fff7000 r-xp 00000000 00:28 485612                     /gpfs/share/apps/R/3.5.0/lib64/R/library/methods/libs/methods.so
7ff68fff7000-7ff6901f7000 ---p 00008000 00:28 485612                     /gpfs/share/apps/R/3.5.0/lib64/R/library/methods/libs/methods.so
7ff6901f7000-7ff6901f8000 r--p 00008000 00:28 485612                     /gpfs/share/apps/R/3.5.0/lib64/R/library/methods/libs/methods.so
7ff6901f8000-7ff6901f9000 rw-p 00009000 00:28 485612                     /gpfs/share/apps/R/3.5.0/lib64/R/library/methods/libs/methods.so
7ff6901f9000-7ff6905f5000 rw-p 00000000 00:00 0 
7ff6905f5000-7ff696b1e000 r--p 00000000 fd:01 57546610                   /usr/lib/locale/locale-archive
7ff696b1e000-7ff696b43000 r-xp 00000000 fd:01 57421098                   /usr/lib64/libtinfo.so.5.9
7ff696b43000-7ff696d43000 ---p 00025000 fd:01 57421098                   /usr/lib64/libtinfo.so.5.9
7ff696d43000-7ff696d47000 r--p 00025000 fd:01 57421098                   /usr/lib64/libtinfo.so.5.9
7ff696d47000-7ff696d48000 rw-p 00029000 fd:01 57421098                   /usr/lib64/libtinfo.so.5.9
7ff696d48000-7ff696d5d000 r-xp 00000000 fd:01 57420736                   /usr/lib64/libgcc_s-4.8.5-20150702.so.1
7ff696d5d000-7ff696f5c000 ---p 00015000 fd:01 57420736                   /usr/lib64/libgcc_s-4.8.5-20150702.so.1
7ff696f5c000-7ff696f5d000 r--p 00014000 fd:01 57420736                   /usr/lib64/libgcc_s-4.8.5-20150702.so.1
7ff696f5d000-7ff696f5e000 rw-p 00015000 fd:01 57420736                   /usr/lib64/libgcc_s-4.8.5-20150702.so.1
7ff696f5e000-7ff696f60000 r-xp 00000000 fd:01 57422571                   /usr/lib64/libdl-2.17.so
7ff696f60000-7ff697160000 ---p 00002000 fd:01 57422571                   /usr/lib64/libdl-2.17.so
7ff697160000-7ff697161000 r--p 00002000 fd:01 57422571                   /usr/lib64/libdl-2.17.so
7ff697161000-7ff697162000 rw-p 00003000 fd:01 57422571                   /usr/lib64/libdl-2.17.so
7ff697162000-7ff697169000 r-xp 00000000 fd:01 57421043                   /usr/lib64/librt-2.17.so
7ff697169000-7ff697368000 ---p 00007000 fd:01 57421043                   /usr/lib64/librt-2.17.so
7ff697368000-7ff697369000 r--p 00006000 fd:01 57421043                   /usr/lib64/librt-2.17.so
7ff697369000-7ff69736a000 rw-p 00007000 fd:01 57421043                   /usr/lib64/librt-2.17.so
7ff69736a000-7ff69737f000 r-xp 00000000 fd:01 57421172                   /usr/lib64/libz.so.1.2.7
7ff69737f000-7ff69757e000 ---p 00015000 fd:01 57421172                   /usr/lib64/libz.so.1.2.7
7ff69757e000-7ff69757f000 r--p 00014000 fd:01 57421172                   /usr/lib64/libz.so.1.2.7
7ff69757f000-7ff697580000 rw-p 00015000 fd:01 57421172                   /usr/lib64/libz.so.1.2.7
7ff697580000-7ff69758f000 r-xp 00000000 fd:01 57420633                   /usr/lib64/libbz2.so.1.0.6
7ff69758f000-7ff69778e000 ---p 0000f000 fd:01 57420633                   /usr/lib64/libbz2.so.1.0.6
7ff69778e000-7ff69778f000 r--p 0000e000 fd:01 57420633                   /usr/lib64/libbz2.so.1.0.6
7ff69778f000-7ff697790000 rw-p 0000f000 fd:01 57420633                   /usr/lib64/libbz2.so.1.0.6
7ff697790000-7ff6977b5000 r-xp 00000000 fd:01 57420870                   /usr/lib64/liblzma.so.5.2.2
7ff6977b5000-7ff6979b4000 ---p 00025000 fd:01 57420870                   /usr/lib64/liblzma.so.5.2.2
7ff6979b4000-7ff6979b5000 r--p 00024000 fd:01 57420870                   /usr/lib64/liblzma.so.5.2.2
7ff6979b5000-7ff6979b6000 rw-p 00025000 fd:01 57420870                   /usr/lib64/liblzma.so.5.2.2
7ff6979b6000-7ff697a16000 r-xp 00000000 fd:01 57421001                   /usr/lib64/libpcre.so.1.2.0
7ff697a16000-7ff697c16000 ---p 00060000 fd:01 57421001                   /usr/lib64/libpcre.so.1.2.0
7ff697c16000-7ff697c17000 r--p 00060000 fd:01 57421001                   /usr/lib64/libpcre.so.1.2.0
7ff697c17000-7ff697c18000 rw-p 00061000 fd:01 57421001                   /usr/lib64/libpcre.so.1.2.0
7ff697c18000-7ff697c54000 r-xp 00000000 fd:01 57421038                   /usr/lib64/libreadline.so.6.2
7ff697c54000-7ff697e54000 ---p 0003c000 fd:01 57421038                   /usr/lib64/libreadline.so.6.2
7ff697e54000-7ff697e56000 r--p 0003c000 fd:01 57421038                   /usr/lib64/libreadline.so.6.2
7ff697e56000-7ff697e5c000 rw-p 0003e000 fd:01 57421038                   /usr/lib64/libreadline.so.6.2
7ff697e5c000-7ff697e5e000 rw-p 00000000 00:00 0 
7ff697e5e000-7ff697e99000 r-xp 00000000 fd:01 57422586                   /usr/lib64/libquadmath.so.0.0.0
7ff697e99000-7ff698098000 ---p 0003b000 fd:01 57422586                   /usr/lib64/libquadmath.so.0.0.0
7ff698098000-7ff698099000 r--p 0003a000 fd:01 57422586                   /usr/lib64/libquadmath.so.0.0.0
7ff698099000-7ff69809a000 rw-p 0003b000 fd:01 57422586                   /usr/lib64/libquadmath.so.0.0.0
7ff69809a000-7ff69819b000 r-xp 00000000 fd:01 57420827                   /usr/lib64/libm-2.17.so
7ff69819b000-7ff69839a000 ---p 00101000 fd:01 57420827                   /usr/lib64/libm-2.17.so
7ff69839a000-7ff69839b000 r--p 00100000 fd:01 57420827                   /usr/lib64/libm-2.17.so
7ff69839b000-7ff69839c000 rw-p 00101000 fd:01 57420827                   /usr/lib64/libm-2.17.so
7ff69839c000-7ff6984bb000 r-xp 00000000 fd:01 57422574                   /usr/lib64/libgfortran.so.3.0.0
7ff6984bb000-7ff6986bb000 ---p 0011f000 fd:01 57422574                   /usr/lib64/libgfortran.so.3.0.0
7ff6986bb000-7ff6986bc000 r--p 0011f000 fd:01 57422574                   /usr/lib64/libgfortran.so.3.0.0
7ff6986bc000-7ff6986be000 rw-p 00120000 fd:01 57422574                   /usr/lib64/libgfortran.so.3.0.0
7ff6986be000-7ff698881000 r-xp 00000000 fd:01 57420631                   /usr/lib64/libc-2.17.so
7ff698881000-7ff698a80000 ---p 001c3000 fd:01 57420631                   /usr/lib64/libc-2.17.so
7ff698a80000-7ff698a84000 r--p 001c2000 fd:01 57420631                   /usr/lib64/libc-2.17.so
7ff698a84000-7ff698a86000 rw-p 001c6000 fd:01 57420631                   /usr/lib64/libc-2.17.so
7ff698a86000-7ff698a8b000 rw-p 00000000 00:00 0 
7ff698a8b000-7ff698aa2000 r-xp 00000000 fd:01 57422583                   /usr/lib64/libpthread-2.17.so
7ff698aa2000-7ff698ca1000 ---p 00017000 fd:01 57422583                   /usr/lib64/libpthread-2.17.so
7ff698ca1000-7ff698ca2000 r--p 00016000 fd:01 57422583                   /usr/lib64/libpthread-2.17.so
7ff698ca2000-7ff698ca3000 rw-p 00017000 fd:01 57422583                   /usr/lib64/libpthread-2.17.so
7ff698ca3000-7ff698ca7000 rw-p 00000000 00:00 0 
7ff698ca7000-7ff698ccc000 r-xp 00000000 fd:01 57420753                   /usr/lib64/libgomp.so.1.0.0
7ff698ccc000-7ff698ecb000 ---p 00025000 fd:01 57420753                   /usr/lib64/libgomp.so.1.0.0
7ff698ecb000-7ff698ecc000 r--p 00024000 fd:01 57420753                   /usr/lib64/libgomp.so.1.0.0
7ff698ecc000-7ff698ecd000 rw-p 00025000 fd:01 57420753                   /usr/lib64/libgomp.so.1.0.0
7ff698ecd000-7ff698ef9000 r-xp 00000000 00:28 485146                     /gpfs/share/apps/R/3.5.0/lib64/R/lib/libRblas.so
7ff698ef9000-7ff6990f8000 ---p 0002c000 00:28 485146                     /gpfs/share/apps/R/3.5.0/lib64/R/lib/libRblas.so
7ff6990f8000-7ff6990f9000 r--p 0002b000 00:28 485146                     /gpfs/share/apps/R/3.5.0/lib64/R/lib/libRblas.so
7ff6990f9000-7ff6990fa000 rw-p 0002c000 00:28 485146                     /gpfs/share/apps/R/3.5.0/lib64/R/lib/libRblas.so
7ff6990fa000-7ff6993fa000 r-xp 00000000 00:28 485154                     /gpfs/share/apps/R/3.5.0/lib64/R/lib/libR.so
7ff6993fa000-7ff6995f9000 ---p 00300000 00:28 485154                     /gpfs/share/apps/R/3.5.0/lib64/R/lib/libR.so
7ff6995f9000-7ff699617000 r--p 002ff000 00:28 485154                     /gpfs/share/apps/R/3.5.0/lib64/R/lib/libR.so
7ff699617000-7ff699623000 rw-p 0031d000 00:28 485154                     /gpfs/share/apps/R/3.5.0/lib64/R/lib/libR.so
7ff699623000-7ff699775000 rw-p 00000000 00:00 0 
7ff699775000-7ff699797000 r-xp 00000000 fd:01 57420484                   /usr/lib64/ld-2.17.so
7ff69981c000-7ff69982c000 rwxp 00000000 00:00 0 
7ff69982c000-7ff69997b000 rw-p 00000000 00:00 0 
7ff699985000-7ff699986000 rw-p 00000000 00:00 0 
7ff699986000-7ff699987000 r--p 00000000 00:28 35503                      /gpfs/share/apps/R/3.5.0/lib64/R/library/translations/en/LC_MESSAGES/R.mo
7ff699987000-7ff699989000 rw-p 00000000 00:00 0 
7ff699989000-7ff699990000 r--s 00000000 fd:01 58327686                   /usr/lib64/gconv/gconv-modules.cache
7ff699990000-7ff699994000 rw-p 00000000 00:00 0 
7ff699994000-7ff699996000 r-xp 00000000 00:00 0                          [vdso]
7ff699996000-7ff699997000 r--p 00021000 fd:01 57420484                   /usr/lib64/ld-2.17.so
7ff699997000-7ff699998000 rw-p 00022000 fd:01 57420484                   /usr/lib64/ld-2.17.so
7ff699998000-7ff699999000 rw-p 00000000 00:00 0 
7ffffff83000-7ffffffff000 rw-p 00000000 00:00 0                          [stack]
ffffffffff600000-ffffffffff601000 r-xp 00000000 00:00 0                  [vsyscall]
/cm/local/apps/slurm/var/spool/job345867/slurm_script: line 12: 28111 Aborted                 Rscript avg_boosted_svm.R
