
Attaching package: ‘dplyr’

The following objects are masked from ‘package:stats’:

    filter, lag

The following objects are masked from ‘package:base’:

    intersect, setdiff, setequal, union

Loading required package: lattice
Loading required package: Matrix
Loading required package: foreach
Loaded glmnet 2.0-16

randomForest 4.6-14
Type rfNews() to see new features/changes/bug fixes.

Attaching package: ‘randomForest’

The following object is masked from ‘package:ggplot2’:

    margin

The following object is masked from ‘package:dplyr’:

    combine

'data.frame':	354 obs. of  3078 variables:
 $ INTENSITY.STRENGTH    : Factor w/ 3 levels "High","Low","Medium": 3 2 3 2 3 1 2 1 1 2 ...
 $ complexity.from.pubmed: num  93.1 31 10.3 114 52.8 72.5 15.5 55.4 24.8 13.1 ...
 $ MW                    : num  122.1 60.1 44.1 146.2 89.1 ...
 $ AMW                   : num  8.14 7.51 6.29 7.31 6.86 ...
 $ Sv                    : num  10.01 4.48 3.77 11.49 7.03 ...
 $ Se                    : num  15.3 8.42 7.09 20.73 13.41 ...
 $ Sp                    : num  10.19 4.43 3.98 11.62 7.2 ...
 $ Si                    : num  16.66 9.25 8.04 22.91 15.16 ...
 $ Mv                    : num  0.667 0.56 0.538 0.575 0.541 0.664 0.632 0.614 0.525 0.49 ...
 $ Me                    : num  1.02 1.05 1.01 1.04 1.03 ...
 $ Mp                    : num  0.68 0.554 0.568 0.581 0.554 0.696 0.69 0.656 0.577 0.551 ...
 $ Mi                    : num  1.11 1.16 1.15 1.15 1.17 ...
 $ nAT                   : int  15 8 7 20 13 14 12 16 13 15 ...
 $ nSK                   : int  9 4 3 10 6 8 6 8 5 5 ...
 $ nBT                   : int  15 7 6 19 12 14 12 16 12 14 ...
 $ nBO                   : int  9 3 2 9 5 8 6 8 4 4 ...
 $ nBM                   : int  7 1 1 2 1 7 6 6 1 0 ...
 $ SCBO                  : num  13 4 3 11 6 12 9 11 5 4 ...
 $ RBN                   : int  1 0 0 5 2 1 0 1 2 2 ...
 $ RBF                   : num  0.067 0 0 0.263 0.167 0.071 0 0.063 0.167 0.143 ...
 $ nDB                   : int  1 1 1 2 1 1 0 0 1 0 ...
 $ nTB                   : int  0 0 0 0 0 0 0 0 0 0 ...
 $ nAB                   : int  6 0 0 0 0 6 6 6 0 0 ...
 $ nH                    : int  6 4 4 10 7 6 6 8 8 10 ...
 $ nC                    : int  7 2 2 6 3 7 6 7 4 4 ...
 $ nN                    : int  0 0 0 0 1 0 0 0 0 0 ...
 $ nO                    : int  2 2 1 4 2 1 0 1 1 1 ...
 $ nS                    : int  0 0 0 0 0 0 0 0 0 0 ...
 $ nI                    : int  0 0 0 0 0 0 0 0 0 0 ...
 $ nHM                   : int  0 0 0 0 0 0 0 0 0 0 ...
 $ nHet                  : int  2 2 1 4 3 1 0 1 1 1 ...
 $ nX                    : int  0 0 0 0 0 0 0 0 0 0 ...
 $ H.                    : num  40 50 57.1 50 53.8 42.9 50 50 61.5 66.7 ...
 $ C.                    : num  46.7 25 28.6 30 23.1 50 50 43.8 30.8 26.7 ...
 $ N.                    : num  0 0 0 0 7.7 0 0 0 0 0 ...
 $ O.                    : num  13.3 25 14.3 20 15.4 7.1 0 6.3 7.7 6.7 ...
 $ X.                    : int  0 0 0 0 0 0 0 0 0 0 ...
 $ nCsp3                 : int  0 1 1 4 2 0 0 1 3 4 ...
 $ nCsp2                 : int  7 1 1 2 1 7 6 6 1 0 ...
 $ nCsp                  : int  0 0 0 0 0 0 0 0 0 0 ...
 $ nCIC                  : int  1 0 0 0 0 1 1 1 0 0 ...
 $ nCIR                  : int  1 0 0 0 0 1 1 1 0 0 ...
 $ TRS                   : int  6 0 0 0 0 6 6 6 0 0 ...
 $ Rperim                : int  6 0 0 0 0 6 6 6 0 0 ...
 $ Rbrid                 : int  0 0 0 0 0 0 0 0 0 0 ...
 $ MCD                   : num  0.667 0 0 0 0 0.75 1 0.75 0 0 ...
 $ RFD                   : num  0 0 0 0 0 0 0 0 0 0 ...
 $ RCI                   : num  1 0 0 0 0 1 1 1 0 0 ...
 $ NRS                   : int  1 0 0 0 0 1 1 1 0 0 ...
 $ NNRS                  : num  1 0 0 0 0 1 1 1 0 0 ...
 $ nR03                  : int  0 0 0 0 0 0 0 0 0 0 ...
 $ nR04                  : int  0 0 0 0 0 0 0 0 0 0 ...
 $ nR05                  : int  0 0 0 0 0 0 0 0 0 0 ...
 $ nR06                  : int  1 0 0 0 0 1 1 1 0 0 ...
 $ nR07                  : int  0 0 0 0 0 0 0 0 0 0 ...
 $ nR09                  : int  0 0 0 0 0 0 0 0 0 0 ...
 $ nR10                  : int  0 0 0 0 0 0 0 0 0 0 ...
 $ nBnz                  : int  1 0 0 0 0 1 1 1 0 0 ...
 $ ARR                   : num  0.667 0 0 0 0 0.75 1 0.75 0 0 ...
 $ D.Dtr03               : num  0 0 0 0 0 0 0 0 0 0 ...
 $ D.Dtr04               : num  0 0 0 0 0 0 0 0 0 0 ...
 $ D.Dtr05               : num  0 0 0 0 0 0 0 0 0 0 ...
 $ D.Dtr06               : num  26.3 0 0 0 0 ...
 $ D.Dtr07               : num  0 0 0 0 0 0 0 0 0 0 ...
 $ D.Dtr09               : num  0 0 0 0 0 0 0 0 0 0 ...
 $ D.Dtr10               : num  0 0 0 0 0 0 0 0 0 0 ...
 $ ZM1                   : int  40 12 6 38 20 34 24 34 14 14 ...
 $ ZM1V                  : int  138 78 46 170 94 106 54 90 54 38 ...
 $ ZM1Kup                : num  157.9 97.9 57.7 209.8 115.2 ...
 $ ZM1Mad                : num  43.54 16.43 7.44 46.86 25.12 ...
 $ ZM1Per                : num  189.6 99.1 55.1 221.5 121.5 ...
 $ ZM1MulPer             : num  150.9 88.3 50.7 190.2 105.4 ...
 $ ZM2                   : int  43 9 4 36 18 36 24 36 12 12 ...
 $ ZM2V                  : int  116 48 21 116 62 90 54 78 30 20 ...
 $ ZM2Kup                : num  121.8 54.7 23.7 129.3 69.1 ...
 $ ZM2Mad                : num  45.99 10.99 4.66 41.32 21.16 ...
 $ ZM2Per                : num  173.7 68.6 28.1 170.9 90.8 ...
 $ ZM2MulPer             : num  125.1 53.2 23.3 125.4 67.2 ...
 $ ON0                   : num  5.17 3.33 2.5 6.67 4.33 ...
 $ ON0V                  : num  2.53 1.62 1.5 3.23 1.95 ...
 $ ON1                   : num  2.17 1 1 2.42 1.58 ...
 $ ON1V                  : num  0.744 0.342 0.389 1.183 0.633 ...
 $ Qindex                : int  5 1 0 2 1 4 3 4 0 0 ...
 $ BBI                   : int  11 3 1 10 5 9 6 9 3 3 ...
 $ DBI                   : num  1.41 1.73 1 3.16 2.24 ...
 $ SNar                  : num  5.663 1.099 0.693 4.97 2.485 ...
 $ HNar                  : num  1.74 1.2 1.2 1.5 1.39 ...
 $ GNar                  : num  1.88 1.32 1.26 1.64 1.51 ...
 $ Xt                    : num  0.42 0.954 1.201 0.449 0.634 ...
 $ Dz                    : num  20 10 7 24 14.5 17 12 17 11 11 ...
 $ Ram                   : int  2 1 0 2 1 1 0 1 0 0 ...
 $ BLI                   : num  0.856 0.928 1.22 1.021 1.014 ...
 $ Pol                   : int  9 0 0 7 3 7 3 7 2 2 ...
 $ LPRS                  : num  26.8 5.93 2.89 33.89 14.07 ...
 $ MSD                   : num  2.81 1.58 1.41 3.87 2.37 ...
 $ SPI                   : num  4.18 2.04 1.18 6.68 3.51 ...
 $ PJI2                  : num  1 1 1 0.75 1 0.667 0 0.667 1 1 ...
 $ ECC                   : int  40 7 5 58 20 31 18 31 16 16 ...
 $ AECC                  : num  4.44 1.75 1.67 5.8 3.33 ...
  [list output truncated]
[1] 0
line search fails -0.0186893 0.1710773 1.225368e-05 5.801196e-08 -5.013773e-09 -3.227055e-09 -6.162437e-14Warning messages:
1: In method$predict(modelFit = modelFit, newdata = newdata, submodels = param) :
  kernlab class prediction calculations failed; returning NAs
2: In method$prob(modelFit = modelFit, newdata = newdata, submodels = param) :
  kernlab class probability calculations failed; returning NAs
3: In data.frame(..., check.names = FALSE) :
  row names were found from a short variable and have been discarded
4: In nominalTrainWorkflow(x = x, y = y, wts = weights, info = trainInfo,  :
  There were missing values in resampled performance measures.
Support Vector Machines with Linear Kernel 

 265 samples
3077 predictors
   3 classes: 'High', 'Low', 'Medium' 

No pre-processing
Resampling: Cross-Validated (10 fold, repeated 2 times) 
Summary of sample sizes: 239, 238, 239, 238, 239, 239, ... 
Resampling results:

  Accuracy   Kappa     
  0.4994782  0.04739296

Tuning parameter 'C' was held constant at a value of 1
Confusion Matrix and Statistics

          Reference
Prediction High Low Medium
    High     30   9     39
    Low       0   0      0
    Medium    3   2      6

Overall Statistics
                                          
               Accuracy : 0.4045          
                 95% CI : (0.3017, 0.5138)
    No Information Rate : 0.5056          
    P-Value [Acc > NIR] : 0.9782          
                                          
                  Kappa : 0.0278          
 Mcnemar's Test P-Value : 4.302e-09       

Statistics by Class:

                     Class: High Class: Low Class: Medium
Sensitivity               0.9091     0.0000       0.13333
Specificity               0.1429     1.0000       0.88636
Pos Pred Value            0.3846        NaN       0.54545
Neg Pred Value            0.7273     0.8764       0.50000
Prevalence                0.3708     0.1236       0.50562
Detection Rate            0.3371     0.0000       0.06742
Detection Prevalence      0.8764     0.0000       0.12360
Balanced Accuracy         0.5260     0.5000       0.50985
